<?xml version="1.0" encoding="UTF-8" ?>
<testsuite errors="0" failures="0" hostname="DESKTOP-PBD522H" name="test.java.JenkinsCalculatrice.TestCalculatrice" skipped="0" tests="4" time="0.18" timestamp="2021-01-26T08:53:54">
  <properties>
    <property name="ant.library.dir" value="C:\Users\florian\.p2\pool\plugins\org.apache.ant_1.10.8.v20200515-1239\lib" />
    <property name="env.NUMBER_OF_PROCESSORS" value="8" />
    <property name="java.specification.version" value="15" />
    <property name="env.USERPROFILE" value="C:\Users\florian" />
    <property name="ant.project.name" value="JenkinsCalculatrice" />
    <property name="sun.cpu.isalist" value="amd64" />
    <property name="sun.jnu.encoding" value="Cp1252" />
    <property name="ant.file.JenkinsCalculatrice" value="C:\Users\florian\Desktop\EPSI\1ere Année\IDE\JenkinsCalculatrice\build.xml" />
    <property name="sun.arch.data.model" value="64" />
    <property name="debuglevel" value="source,lines,vars" />
    <property name="env.FPS_BROWSER_APP_PROFILE_STRING" value="Internet Explorer" />
    <property name="env.CommonProgramW6432" value="C:\Program Files\Common Files" />
    <property name="java.vendor.url" value="https://java.oracle.com/" />
    <property name="env.OS" value="Windows_NT" />
    <property name="sun.boot.library.path" value="C:\Program Files\Java\jdk-15\bin" />
    <property name="sun.java.command" value="org.apache.tools.ant.taskdefs.optional.junit.JUnitTestRunner test.java.JenkinsCalculatrice.TestCalculatrice skipNonTests=false filtertrace=true haltOnError=false haltOnFailure=false formatter=org.apache.tools.ant.taskdefs.optional.junit.OutErrSummaryJUnitResultFormatter showoutput=false outputtoformatters=true logfailedtests=true threadid=0 logtestlistenerevents=false formatter=org.apache.tools.ant.taskdefs.optional.junit.XMLJUnitResultFormatter,C:\Users\florian\Desktop\EPSI\1ere Année\IDE\JenkinsCalculatrice\junit\TEST-test.java.JenkinsCalculatrice.TestCalculatrice.xml crashfile=C:\Users\florian\Desktop\EPSI\1ere Année\IDE\JenkinsCalculatrice\junitvmwatcher12092101937469897673.properties propsfile=C:\Users\florian\Desktop\EPSI\1ere Année\IDE\JenkinsCalculatrice\junit13996855351988658236.properties" />
    <property name="jdk.debug" value="release" />
    <property name="env.ComSpec" value="C:\Windows\system32\cmd.exe" />
    <property name="java.specification.vendor" value="Oracle Corporation" />
    <property name="env.JAVA_HOME" value="C:\Program Files\Java\jdk-15\" />
    <property name="java.version.date" value="2020-09-15" />
    <property name="java.home" value="C:\Program Files\Java\jdk-15" />
    <property name="file.separator" value="\" />
    <property name="env.ProgramFiles" value="C:\Program Files" />
    <property name="basedir" value="C:\Users\florian\Desktop\EPSI\1ere Année\IDE\JenkinsCalculatrice" />
    <property name="java.vm.compressedOopsMode" value="Zero based" />
    <property name="line.separator" value="&#xd;&#xa;" />
    <property name="env.PROMPT" value="$P$G" />
    <property name="java.vm.specification.vendor" value="Oracle Corporation" />
    <property name="java.specification.name" value="Java Platform API Specification" />
    <property name="env.LOCALAPPDATA" value="C:\Users\florian\AppData\Local" />
    <property name="env.USERDOMAIN_ROAMINGPROFILE" value="DESKTOP-PBD522H" />
    <property name="env.PROCESSOR_REVISION" value="9e0a" />
    <property name="env.PSModulePath" value="C:\Program Files\WindowsPowerShell\Modules;C:\Windows\system32\WindowsPowerShell\v1.0\Modules" />
    <property name="user.script" value="" />
    <property name="sun.management.compiler" value="HotSpot 64-Bit Tiered Compilers" />
    <property name="env.PROCESSOR_IDENTIFIER" value="Intel64 Family 6 Model 158 Stepping 10, GenuineIntel" />
    <property name="java.runtime.version" value="15+36-1562" />
    <property name="ant.file.type.JenkinsCalculatrice" value="file" />
    <property name="user.name" value="florian" />
    <property name="env.ProgramW6432" value="C:\Program Files" />
    <property name="env.DriverData" value="C:\Windows\System32\Drivers\DriverData" />
    <property name="env.CommonProgramFiles" value="C:\Program Files\Common Files" />
    <property name="env.PUBLIC" value="C:\Users\Public" />
    <property name="file.encoding" value="Cp1252" />
    <property name="env.COMPUTERNAME" value="DESKTOP-PBD522H" />
    <property name="env.HOMEPATH" value="\Users\florian" />
    <property name="env.APPDATA" value="C:\Users\florian\AppData\Roaming" />
    <property name="env.SystemDrive" value="C:" />
    <property name="env.ProgramData" value="C:\ProgramData" />
    <property name="java.io.tmpdir" value="C:\Users\florian\AppData\Local\Temp\" />
    <property name="java.version" value="15" />
    <property name="env.Path" value="C:/Program Files/Java/jdk-15/bin/server;C:/Program Files/Java/jdk-15/bin;C:\Program Files (x86)\Razer Chroma SDK\bin;C:\Program Files\Razer Chroma SDK\bin;C:\Program Files (x86)\Razer\ChromaBroadcast\bin;C:\Program Files\Razer\ChromaBroadcast\bin;C:\Program Files (x86)\Common Files\Oracle\Java\javapath;C:\Windows\system32;C:\Windows;C:\Windows\System32\Wbem;C:\Windows\System32\WindowsPowerShell\v1.0\;C:\Windows\System32\OpenSSH\;C:\Program Files (x86)\NVIDIA Corporation\PhysX\Common;C:\Program Files\Intel\WiFi\bin\;C:\Program Files\Common Files\Intel\WirelessCommon\;C:\Program Files\NVIDIA Corporation\NVIDIA NvDLISR;C:\Users\florian\AppData\Local\Microsoft\WindowsApps;C:\Windows\system32\config\systemprofile\AppData\Local\Microsoft\WindowsApps;C:\Program Files\Git\cmd;C:\Program Files\nodejs\;C:\ProgramData\ComposerSetup\bin;C:\Program Files\Docker\Docker\resources\bin;C:\ProgramData\DockerDesktop\version-bin;C:\Users\florian\AppData\Local\Microsoft\WindowsApps;C:\Program Files\Intel\WiFi\bin\;C:\Program Files\Common Files\Intel\WirelessCommon\;C:\Users\florian\AppData\Local\Programs\Microsoft VS Code\bin;C:\Users\florian\AppData\Roaming\npm;C:\Program Files\Java\jdk-15\bin;C:\Utilisateurs\florian\anaconda3;C:\Utilisateurs\florian\anaconda3\Scripts;C:\UwAmp\bin\php\php-5.5.15;C:\Users\florian\AppData\Roaming\Composer\vendor\bin;C:\Users\florian\apache-ant-1.10.9\bin;D:\Maven\apache-maven-3.6.3\bin;;C:\Users\florian\Desktop;" />
    <property name="env.PROCESSOR_LEVEL" value="6" />
    <property name="env.HOMEDRIVE" value="C:" />
    <property name="env.TMP" value="C:\Users\florian\AppData\Local\Temp" />
    <property name="java.vm.specification.name" value="Java Virtual Machine Specification" />
    <property name="ant.home" value="C:\Users\florian\.p2\pool\plugins\org.apache.ant_1.10.8.v20200515-1239" />
    <property name="sun.os.patch.level" value="" />
    <property name="junit.output.dir" value="junit" />
    <property name="ant.version" value="Apache Ant(TM) version 1.10.8 compiled on May 10 2020" />
    <property name="java.library.path" value="C:\Program Files\Java\jdk-15\bin;C:\Windows\Sun\Java\bin;C:\Windows\system32;C:\Windows;C:/Program Files/Java/jdk-15/bin/server;C:/Program Files/Java/jdk-15/bin;C:\Program Files (x86)\Razer Chroma SDK\bin;C:\Program Files\Razer Chroma SDK\bin;C:\Program Files (x86)\Razer\ChromaBroadcast\bin;C:\Program Files\Razer\ChromaBroadcast\bin;C:\Program Files (x86)\Common Files\Oracle\Java\javapath;C:\Windows\system32;C:\Windows;C:\Windows\System32\Wbem;C:\Windows\System32\WindowsPowerShell\v1.0\;C:\Windows\System32\OpenSSH\;C:\Program Files (x86)\NVIDIA Corporation\PhysX\Common;C:\Program Files\Intel\WiFi\bin\;C:\Program Files\Common Files\Intel\WirelessCommon\;C:\Program Files\NVIDIA Corporation\NVIDIA NvDLISR;C:\Users\florian\AppData\Local\Microsoft\WindowsApps;C:\Windows\system32\config\systemprofile\AppData\Local\Microsoft\WindowsApps;C:\Program Files\Git\cmd;C:\Program Files\nodejs\;C:\ProgramData\ComposerSetup\bin;C:\Program Files\Docker\Docker\resources\bin;C:\ProgramData\DockerDesktop\version-bin;C:\Users\florian\AppData\Local\Microsoft\WindowsApps;C:\Program Files\Intel\WiFi\bin\;C:\Program Files\Common Files\Intel\WirelessCommon\;C:\Users\florian\AppData\Local\Programs\Microsoft VS Code\bin;C:\Users\florian\AppData\Roaming\npm;C:\Program Files\Java\jdk-15\bin;C:\Utilisateurs\florian\anaconda3;C:\Utilisateurs\florian\anaconda3\Scripts;C:\UwAmp\bin\php\php-5.5.15;C:\Users\florian\AppData\Roaming\Composer\vendor\bin;C:\Users\florian\apache-ant-1.10.9\bin;D:\Maven\apache-maven-3.6.3\bin;;C:\Users\florian\Desktop;;." />
    <property name="env.TMPDIR" value="C:\Users\Public\Documents\Wondershare\CreatorTemp" />
    <property name="java.vendor" value="Oracle Corporation" />
    <property name="env.LOGONSERVER" value="\\DESKTOP-PBD522H" />
    <property name="sun.io.unicode.encoding" value="UnicodeLittle" />
    <property name="java.class.path" value="C:\Users\florian\Desktop\EPSI\1ere Année\IDE\JenkinsCalculatrice\bin;C:\Users\florian\Desktop\EPSI\1ere Année\IDE\JenkinsCalculatrice\junit-4.13.1.jar;C:\Users\florian\.p2\pool\plugins\org.apache.ant_1.10.8.v20200515-1239\lib\ant-launcher.jar;C:\Users\florian\.p2\pool\plugins\org.apache.ant_1.10.8.v20200515-1239\lib\ant.jar;C:\Users\florian\.p2\pool\plugins\org.apache.ant_1.10.8.v20200515-1239\lib\ant-junit.jar;C:\Users\florian\.p2\pool\plugins\org.apache.ant_1.10.8.v20200515-1239\lib\ant-junit4.jar" />
    <property name="source" value="14" />
    <property name="java.vm.vendor" value="Oracle Corporation" />
    <property name="env.PROCESSOR_ARCHITECTURE" value="AMD64" />
    <property name="user.variant" value="" />
    <property name="env.SystemRoot" value="C:\Windows" />
    <property name="os.name" value="Windows 10" />
    <property name="java.vm.specification.version" value="15" />
    <property name="user.country" value="FR" />
    <property name="sun.java.launcher" value="SUN_STANDARD" />
    <property name="env.USERDOMAIN" value="DESKTOP-PBD522H" />
    <property name="sun.cpu.endian" value="little" />
    <property name="user.home" value="C:\Users\florian" />
    <property name="user.language" value="fr" />
    <property name="ant.java.version" value="15" />
    <property name="env.ALLUSERSPROFILE" value="C:\ProgramData" />
    <property name="env.SESSIONNAME" value="Console" />
    <property name="env.ANT_HOME" value="C:\Users\florian\.p2\pool\plugins\org.apache.ant_1.10.8.v20200515-1239" />
    <property name="env.windir" value="C:\Windows" />
    <property name="ant.file" value="C:\Users\florian\Desktop\EPSI\1ere Année\IDE\JenkinsCalculatrice\build.xml" />
    <property name="path.separator" value=";" />
    <property name="os.version" value="10.0" />
    <property name="env.CommonProgramFiles(x86)" value="C:\Program Files (x86)\Common Files" />
    <property name="java.runtime.name" value="Java(TM) SE Runtime Environment" />
    <property name="env.PATHEXT" value=".COM;.EXE;.BAT;.CMD;.VBS;.VBE;.JS;.JSE;.WSF;.WSH;.MSC" />
    <property name="ant.project.invoked-targets" value="junitreport" />
    <property name="java.vm.name" value="Java HotSpot(TM) 64-Bit Server VM" />
    <property name="ant.core.lib" value="C:\Users\florian\.p2\pool\plugins\org.apache.ant_1.10.8.v20200515-1239\lib\ant.jar" />
    <property name="java.vendor.url.bug" value="https://bugreport.java.com/bugreport/" />
    <property name="user.dir" value="C:\Users\florian\Desktop\EPSI\1ere Année\IDE\JenkinsCalculatrice" />
    <property name="os.arch" value="amd64" />
    <property name="env.USERNAME" value="florian" />
    <property name="target" value="14" />
    <property name="env.ProgramFiles(x86)" value="C:\Program Files (x86)" />
    <property name="java.vm.info" value="mixed mode, sharing" />
    <property name="java.vm.version" value="15+36-1562" />
    <property name="env.FPS_BROWSER_USER_PROFILE_STRING" value="Default" />
    <property name="env.TEMP" value="C:\Users\florian\AppData\Local\Temp" />
    <property name="java.class.version" value="59.0" />
    <property name="env.OneDrive" value="C:\Users\florian\OneDrive" />
    <property name="ant.project.default-target" value="build" />
  </properties>
  <testcase classname="test.java.JenkinsCalculatrice.TestCalculatrice" name="testSuous" time="0.003" />
  <testcase classname="test.java.JenkinsCalculatrice.TestCalculatrice" name="testMultiplication" time="0.001" />
  <testcase classname="test.java.JenkinsCalculatrice.TestCalculatrice" name="testAddition" time="0.0" />
  <testcase classname="test.java.JenkinsCalculatrice.TestCalculatrice" name="test" time="0.001" />
  <system-out><![CDATA[]]></system-out>
  <system-err><![CDATA[]]></system-err>
</testsuite>
